d:\assignment\network_lab\lab2\stopwait\debug\stopwait.pch
d:\assignment\network_lab\lab2\stopwait\debug\vc141.pdb
d:\assignment\network_lab\lab2\stopwait\debug\vc141.idb
d:\assignment\network_lab\lab2\stopwait\debug\stdafx.obj
d:\assignment\network_lab\lab2\stopwait\debug\gbnreceiver.obj
d:\assignment\network_lab\lab2\stopwait\debug\gbnsender.obj
d:\assignment\network_lab\lab2\stopwait\debug\srreceiver.obj
d:\assignment\network_lab\lab2\stopwait\debug\srsender.obj
d:\assignment\network_lab\lab2\stopwait\debug\stopwait.obj
d:\assignment\network_lab\lab2\stopwait\debug\stopwaitrdtreceiver.obj
d:\assignment\network_lab\lab2\stopwait\debug\stopwaitrdtsender.obj
d:\assignment\network_lab\lab2\stopwait\debug\tcpreceiver.obj
d:\assignment\network_lab\lab2\stopwait\debug\tcpsender.obj
d:\assignment\network_lab\lab2\stopwait\debug\stopwait.ilk
d:\assignment\network_lab\lab2\stopwait\debug\stopwait.exe
d:\assignment\network_lab\lab2\stopwait\debug\stopwait.pdb
d:\assignment\network_lab\lab2\stopwait\debug\srrdtreceiver.obj
d:\assignment\network_lab\lab2\stopwait\debug\srrdtsender.obj
d:\assignment\network_lab\lab2\stopwait\debug\stopwait.tlog\cl.command.1.tlog
d:\assignment\network_lab\lab2\stopwait\debug\stopwait.tlog\cl.read.1.tlog
d:\assignment\network_lab\lab2\stopwait\debug\stopwait.tlog\cl.write.1.tlog
d:\assignment\network_lab\lab2\stopwait\debug\stopwait.tlog\link.command.1.tlog
d:\assignment\network_lab\lab2\stopwait\debug\stopwait.tlog\link.read.1.tlog
d:\assignment\network_lab\lab2\stopwait\debug\stopwait.tlog\link.write.1.tlog
