d:\assignment\network_lab\chatroomclientgui\chatroomclientgui\debug\chatroomclientgui.pch
d:\assignment\network_lab\chatroomclientgui\chatroomclientgui\debug\vc141.pdb
d:\assignment\network_lab\chatroomclientgui\chatroomclientgui\debug\vc141.idb
d:\assignment\network_lab\chatroomclientgui\chatroomclientgui\debug\stdafx.obj
d:\assignment\network_lab\chatroomclientgui\chatroomclientgui\debug\chatroomclientgui.obj
d:\assignment\network_lab\chatroomclientgui\chatroomclientgui\debug\chatroomclientguidlg.obj
d:\assignment\network_lab\chatroomclientgui\chatroomclientgui\debug\config.obj
d:\assignment\network_lab\chatroomclientgui\chatroomclientgui\debug\server.obj
d:\assignment\network_lab\chatroomclientgui\chatroomclientgui\debug\sessionsocket.obj
d:\assignment\network_lab\chatroomclientgui\chatroomclientgui\debug\winsockenv.obj
d:\assignment\network_lab\chatroomclientgui\chatroomclientgui\debug\chatroomclientgui.ilk
d:\assignment\network_lab\chatroomclientgui\chatroomclientgui\debug\chatroomclientgui.exe
d:\assignment\network_lab\chatroomclientgui\chatroomclientgui\debug\chatroomclientgui.pdb
d:\assignment\network_lab\chatroomclientgui\chatroomclientgui\debug\chatroomclientgui.res
d:\assignment\network_lab\chatroomclientgui\chatroomclientgui\debug\chatroom.d1f18446.tlog\cl.command.1.tlog
d:\assignment\network_lab\chatroomclientgui\chatroomclientgui\debug\chatroom.d1f18446.tlog\cl.read.1.tlog
d:\assignment\network_lab\chatroomclientgui\chatroomclientgui\debug\chatroom.d1f18446.tlog\cl.write.1.tlog
d:\assignment\network_lab\chatroomclientgui\chatroomclientgui\debug\chatroom.d1f18446.tlog\link.command.1.tlog
d:\assignment\network_lab\chatroomclientgui\chatroomclientgui\debug\chatroom.d1f18446.tlog\link.read.1.tlog
d:\assignment\network_lab\chatroomclientgui\chatroomclientgui\debug\chatroom.d1f18446.tlog\link.write.1.tlog
d:\assignment\network_lab\chatroomclientgui\chatroomclientgui\debug\chatroom.d1f18446.tlog\rc.command.1.tlog
d:\assignment\network_lab\chatroomclientgui\chatroomclientgui\debug\chatroom.d1f18446.tlog\rc.read.1.tlog
d:\assignment\network_lab\chatroomclientgui\chatroomclientgui\debug\chatroom.d1f18446.tlog\rc.write.1.tlog
